Release 13.4 - xst O.87xd (nt64)
Copyright (c) 1995-2011 Xilinx, Inc.  All rights reserved.
--> Parameter TMPDIR set to xst/projnav.tmp


Total REAL time to Xst completion: 0.00 secs
Total CPU time to Xst completion: 0.11 secs
 
--> Parameter xsthdpdir set to xst


Total REAL time to Xst completion: 0.00 secs
Total CPU time to Xst completion: 0.11 secs
 
--> Reading design: db_cwrm_ctrl.prj

TABLE OF CONTENTS
  1) Synthesis Options Summary
  2) HDL Parsing
  3) HDL Elaboration
  4) HDL Synthesis
       4.1) HDL Synthesis Report
  5) Advanced HDL Synthesis
       5.1) Advanced HDL Synthesis Report
  6) Low Level Synthesis
  7) Partition Report
  8) Design Summary
       8.1) Primitive and Black Box Usage
       8.2) Device utilization summary
       8.3) Partition Resource Summary
       8.4) Timing Report
            8.4.1) Clock Information
            8.4.2) Asynchronous Control Signals Information
            8.4.3) Timing Summary
            8.4.4) Timing Details
            8.4.5) Cross Clock Domains Report


=========================================================================
*                      Synthesis Options Summary                        *
=========================================================================
---- Source Parameters
Input File Name                    : "db_cwrm_ctrl.prj"
Ignore Synthesis Constraint File   : NO

---- Target Parameters
Output File Name                   : "db_cwrm_ctrl"
Output Format                      : NGC
Target Device                      : xc6slx45-3-fgg484

---- Source Options
Top Module Name                    : db_cwrm_ctrl
Automatic FSM Extraction           : YES
FSM Encoding Algorithm             : Auto
Safe Implementation                : No
FSM Style                          : LUT
RAM Extraction                     : Yes
RAM Style                          : Auto
ROM Extraction                     : Yes
Shift Register Extraction          : YES
ROM Style                          : Auto
Resource Sharing                   : YES
Asynchronous To Synchronous        : NO
Shift Register Minimum Size        : 2
Use DSP Block                      : Auto
Automatic Register Balancing       : No

---- Target Options
LUT Combining                      : Auto
Reduce Control Sets                : Auto
Add IO Buffers                     : YES
Global Maximum Fanout              : 100000
Add Generic Clock Buffer(BUFG)     : 16
Register Duplication               : YES
Optimize Instantiated Primitives   : NO
Use Clock Enable                   : Auto
Use Synchronous Set                : Auto
Use Synchronous Reset              : Auto
Pack IO Registers into IOBs        : Auto
Equivalent register Removal        : YES

---- General Options
Optimization Goal                  : Speed
Optimization Effort                : 1
Power Reduction                    : NO
Keep Hierarchy                     : No
Netlist Hierarchy                  : As_Optimized
RTL Output                         : Yes
Global Optimization                : AllClockNets
Read Cores                         : YES
Write Timing Constraints           : NO
Cross Clock Analysis               : NO
Hierarchy Separator                : /
Bus Delimiter                      : <>
Case Specifier                     : Maintain
Slice Utilization Ratio            : 100
BRAM Utilization Ratio             : 100
DSP48 Utilization Ratio            : 100
Auto BRAM Packing                  : NO
Slice Utilization Ratio Delta      : 5

=========================================================================

INFO:Xst - Part-select index evaluated to out of bound value may lead to incorrect synthesis results; it is recommended not to use them in RTL

=========================================================================
*                          HDL Parsing                                  *
=========================================================================
Parsing VHDL file "C:\XilinxProjects\PhD\vhdl_libs\double_buffered_memory\db_cwrm_ctrl.vhd" into library work
Parsing entity <db_cwrm_ctrl>.
Parsing architecture <Behavioral> of entity <db_cwrm_ctrl>.

=========================================================================
*                            HDL Elaboration                            *
=========================================================================

Elaborating entity <db_cwrm_ctrl> (architecture <Behavioral>) with generics from library <work>.

=========================================================================
*                           HDL Synthesis                               *
=========================================================================

Synthesizing Unit <db_cwrm_ctrl>.
    Related source file is "c:/xilinxprojects/phd/vhdl_libs/double_buffered_memory/db_cwrm_ctrl.vhd".
        C_IO_ADDR_BIT = 2
        C_WRITE_POLARITY = 1
        C_ADDR_WIDTH = 10
        C_DATA_WIDTH = 32
    Found 1-bit register for signal <cw_reg>.
    Found 1-bit register for signal <w_ptr>.
    Summary:
	inferred   2 D-type flip-flop(s).
	inferred   6 Multiplexer(s).
Unit <db_cwrm_ctrl> synthesized.

=========================================================================
HDL Synthesis Report

Macro Statistics
# Registers                                            : 2
 1-bit register                                        : 2
# Multiplexers                                         : 6
 1-bit 2-to-1 multiplexer                              : 2
 32-bit 2-to-1 multiplexer                             : 4

=========================================================================

=========================================================================
*                       Advanced HDL Synthesis                          *
=========================================================================


=========================================================================
Advanced HDL Synthesis Report

Macro Statistics
# Registers                                            : 2
 Flip-Flops                                            : 2
# Multiplexers                                         : 6
 1-bit 2-to-1 multiplexer                              : 2
 32-bit 2-to-1 multiplexer                             : 4

=========================================================================

=========================================================================
*                         Low Level Synthesis                           *
=========================================================================

Optimizing unit <db_cwrm_ctrl> ...

Mapping all equations...
Building and optimizing final netlist ...
Found area constraint ratio of 100 (+ 5) on block db_cwrm_ctrl, actual ratio is 0.
FlipFlop w_ptr has been replicated 1 time(s)

Final Macro Processing ...

=========================================================================
Final Register Report

Macro Statistics
# Registers                                            : 3
 Flip-Flops                                            : 3

=========================================================================

=========================================================================
*                           Partition Report                            *
=========================================================================

Partition Implementation Status
-------------------------------

  No Partitions were found in this design.

-------------------------------

=========================================================================
*                            Design Summary                             *
=========================================================================

Top Level Output File Name         : db_cwrm_ctrl.ngc

Primitive and Black Box Usage:
------------------------------
# BELS                             : 38
#      INV                         : 1
#      LUT3                        : 4
#      LUT4                        : 1
#      LUT5                        : 32
# FlipFlops/Latches                : 3
#      FDR                         : 1
#      FDS                         : 2
# Clock Buffers                    : 1
#      BUFGP                       : 1
# IO Buffers                       : 233
#      IBUF                        : 112
#      OBUF                        : 121

Device utilization summary:
---------------------------

Selected Device : 6slx45fgg484-3 


Slice Logic Utilization: 
 Number of Slice Registers:               3  out of  54576     0%  
 Number of Slice LUTs:                   38  out of  27288     0%  
    Number used as Logic:                38  out of  27288     0%  

Slice Logic Distribution: 
 Number of LUT Flip Flop pairs used:     39
   Number with an unused Flip Flop:      36  out of     39    92%  
   Number with an unused LUT:             1  out of     39     2%  
   Number of fully used LUT-FF pairs:     2  out of     39     5%  
   Number of unique control sets:         1

IO Utilization: 
 Number of IOs:                         234
 Number of bonded IOBs:                 234  out of    316    74%  

Specific Feature Utilization:
 Number of BUFG/BUFGCTRLs:                1  out of     16     6%  

---------------------------
Partition Resource Summary:
---------------------------

  No Partitions were found in this design.

---------------------------


=========================================================================
Timing Report

NOTE: THESE TIMING NUMBERS ARE ONLY A SYNTHESIS ESTIMATE.
      FOR ACCURATE TIMING INFORMATION PLEASE REFER TO THE TRACE REPORT
      GENERATED AFTER PLACE-and-ROUTE.

Clock Information:
------------------
-----------------------------------+------------------------+-------+
Clock Signal                       | Clock buffer(FF name)  | Load  |
-----------------------------------+------------------------+-------+
clk_i                              | BUFGP                  | 3     |
-----------------------------------+------------------------+-------+

Asynchronous Control Signals Information:
----------------------------------------
No asynchronous control signals found in this design

Timing Summary:
---------------
Speed Grade: -3

   Minimum period: 1.436ns (Maximum Frequency: 696.452MHz)
   Minimum input arrival time before clock: 2.425ns
   Maximum output required time after clock: 5.382ns
   Maximum combinational path delay: 6.268ns

Timing Details:
---------------
All values displayed in nanoseconds (ns)

=========================================================================
Timing constraint: Default period analysis for Clock 'clk_i'
  Clock period: 1.436ns (frequency: 696.452MHz)
  Total number of paths / destination ports: 5 / 3
-------------------------------------------------------------------------
Delay:               1.436ns (Levels of Logic = 1)
  Source:            w_ptr_1 (FF)
  Destination:       w_ptr (FF)
  Source Clock:      clk_i rising
  Destination Clock: clk_i rising

  Data Path: w_ptr_1 to w_ptr
                                Gate     Net
    Cell:in->out      fanout   Delay   Delay  Logical Name (Net Name)
    ----------------------------------------  ------------
     FDS:C->Q              1   0.447   0.684  w_ptr_1 (w_ptr_1)
     LUT4:I2->O            2   0.203   0.000  w_ptr_rstpot (w_ptr_rstpot)
     FDS:D                     0.102          w_ptr
    ----------------------------------------
    Total                      1.436ns (0.752ns logic, 0.684ns route)
                                       (52.4% logic, 47.6% route)

=========================================================================
Timing constraint: Default OFFSET IN BEFORE for Clock 'clk_i'
  Total number of paths / destination ports: 9 / 6
-------------------------------------------------------------------------
Offset:              2.425ns (Levels of Logic = 2)
  Source:            bcw_i (PAD)
  Destination:       w_ptr (FF)
  Destination Clock: clk_i rising

  Data Path: bcw_i to w_ptr
                                Gate     Net
    Cell:in->out      fanout   Delay   Delay  Logical Name (Net Name)
    ----------------------------------------  ------------
     IBUF:I->O             3   1.222   0.898  bcw_i_IBUF (bcw_i_IBUF)
     LUT4:I0->O            2   0.203   0.000  w_ptr_rstpot (w_ptr_rstpot)
     FDS:D                     0.102          w_ptr
    ----------------------------------------
    Total                      2.425ns (1.527ns logic, 0.898ns route)
                                       (63.0% logic, 37.0% route)

=========================================================================
Timing constraint: Default OFFSET OUT AFTER for Clock 'clk_i'
  Total number of paths / destination ports: 36 / 36
-------------------------------------------------------------------------
Offset:              5.382ns (Levels of Logic = 2)
  Source:            w_ptr (FF)
  Destination:       data_o<31> (PAD)
  Source Clock:      clk_i rising

  Data Path: w_ptr to data_o<31>
                                Gate     Net
    Cell:in->out      fanout   Delay   Delay  Logical Name (Net Name)
    ----------------------------------------  ------------
     FDS:C->Q             35   0.447   1.582  w_ptr (w_ptr)
     LUT5:I1->O            1   0.203   0.579  Mmux_data_o321 (data_o_9_OBUF)
     OBUF:I->O                 2.571          data_o_9_OBUF (data_o<9>)
    ----------------------------------------
    Total                      5.382ns (3.221ns logic, 2.161ns route)
                                       (59.9% logic, 40.1% route)

=========================================================================
Timing constraint: Default path analysis
  Total number of paths / destination ports: 219 / 120
-------------------------------------------------------------------------
Delay:               6.268ns (Levels of Logic = 3)
  Source:            adr_i<2> (PAD)
  Destination:       data_o<31> (PAD)

  Data Path: adr_i<2> to data_o<31>
                                Gate     Net
    Cell:in->out      fanout   Delay   Delay  Logical Name (Net Name)
    ----------------------------------------  ------------
     IBUF:I->O            36   1.222   1.693  adr_i_2_IBUF (adr_b_o_2_OBUF)
     LUT5:I0->O            1   0.203   0.579  Mmux_data_o321 (data_o_9_OBUF)
     OBUF:I->O                 2.571          data_o_9_OBUF (data_o<9>)
    ----------------------------------------
    Total                      6.268ns (3.996ns logic, 2.272ns route)
                                       (63.8% logic, 36.2% route)

=========================================================================

Cross Clock Domains Report:
--------------------------

Clock to Setup on destination clock clk_i
---------------+---------+---------+---------+---------+
               | Src:Rise| Src:Fall| Src:Rise| Src:Fall|
Source Clock   |Dest:Rise|Dest:Rise|Dest:Fall|Dest:Fall|
---------------+---------+---------+---------+---------+
clk_i          |    1.436|         |         |         |
---------------+---------+---------+---------+---------+

=========================================================================


Total REAL time to Xst completion: 10.00 secs
Total CPU time to Xst completion: 9.61 secs
 
--> 

Total memory usage is 250588 kilobytes

Number of errors   :    0 (   0 filtered)
Number of warnings :    0 (   0 filtered)
Number of infos    :    1 (   0 filtered)

